2023-05-24T07:13:11.414+02:00  INFO 18168 --- [main] c.u.m.controller.ProjectControllerTest   : Starting ProjectControllerTest using Java 20.0.1 with PID 18168 (started by noahb in C:\Users\noahb\Documents\Development\UBS\M295)
2023-05-24T07:13:11.431+02:00 DEBUG 18168 --- [main] c.u.m.controller.ProjectControllerTest   : Running with Spring Boot v3.1.0, Spring v6.0.9
2023-05-24T07:13:11.432+02:00  INFO 18168 --- [main] c.u.m.controller.ProjectControllerTest   : No active profile set, falling back to 1 default profile: "default"
2023-05-24T07:13:13.964+02:00  INFO 18168 --- [main] o.s.b.w.embedded.tomcat.TomcatWebServer  : Tomcat initialized with port(s): 0 (http)
2023-05-24T07:13:13.986+02:00  INFO 18168 --- [main] o.apache.catalina.core.StandardService   : Starting service [Tomcat]
2023-05-24T07:13:13.987+02:00  INFO 18168 --- [main] o.apache.catalina.core.StandardEngine    : Starting Servlet engine: [Apache Tomcat/10.1.8]
2023-05-24T07:13:14.200+02:00  INFO 18168 --- [main] o.a.c.c.C.[Tomcat].[localhost].[/]       : Initializing Spring embedded WebApplicationContext
2023-05-24T07:13:14.201+02:00  INFO 18168 --- [main] w.s.c.ServletWebServerApplicationContext : Root WebApplicationContext: initialization completed in 2731 ms
2023-05-24T07:13:14.702+02:00  INFO 18168 --- [main] com.zaxxer.hikari.HikariDataSource       : HikariPool-1 - Starting...
2023-05-24T07:13:15.633+02:00  INFO 18168 --- [main] com.zaxxer.hikari.pool.HikariPool        : HikariPool-1 - Added connection com.mysql.cj.jdbc.ConnectionImpl@320be73
2023-05-24T07:13:15.637+02:00  INFO 18168 --- [main] com.zaxxer.hikari.HikariDataSource       : HikariPool-1 - Start completed.
2023-05-24T07:13:15.996+02:00  WARN 18168 --- [main] o.s.security.core.userdetails.User       : User.withDefaultPasswordEncoder() is considered unsafe for production and is only intended for sample applications.
2023-05-24T07:13:16.711+02:00  INFO 18168 --- [main] o.s.s.web.DefaultSecurityFilterChain     : Will secure any request with [org.springframework.security.web.session.DisableEncodeUrlFilter@1412682c, org.springframework.security.web.context.request.async.WebAsyncManagerIntegrationFilter@53bb71e5, org.springframework.security.web.context.SecurityContextHolderFilter@394a6d2b, org.springframework.security.web.header.HeaderWriterFilter@5c70d7f0, org.springframework.security.web.csrf.CsrfFilter@7e18ced7, org.springframework.security.web.authentication.logout.LogoutFilter@4e50ae56, org.springframework.security.web.authentication.www.BasicAuthenticationFilter@7fc7152e, org.springframework.security.web.savedrequest.RequestCacheAwareFilter@55adcf9e, org.springframework.security.web.servletapi.SecurityContextHolderAwareRequestFilter@58601e7a, org.springframework.security.web.authentication.AnonymousAuthenticationFilter@54a056e4, org.springframework.security.web.access.ExceptionTranslationFilter@77663cd7, org.springframework.security.web.access.intercept.AuthorizationFilter@474e34e4]
2023-05-24T07:13:17.320+02:00  INFO 18168 --- [main] o.s.b.w.embedded.tomcat.TomcatWebServer  : Tomcat started on port(s): 56186 (http) with context path ''
2023-05-24T07:13:17.340+02:00  INFO 18168 --- [main] c.u.m.controller.ProjectControllerTest   : Started ProjectControllerTest in 6.609 seconds (process running for 8.813)
2023-05-24T07:13:17.345+02:00  INFO 18168 --- [main] c.u.m.M295ProjectApplication             : Application started successfully!
2023-05-24T07:13:19.556+02:00  INFO 18168 --- [http-nio-auto-1-exec-2] o.a.c.c.C.[Tomcat].[localhost].[/]       : Initializing Spring DispatcherServlet 'dispatcherServlet'
2023-05-24T07:13:19.557+02:00  INFO 18168 --- [http-nio-auto-1-exec-2] o.s.web.servlet.DispatcherServlet        : Initializing Servlet 'dispatcherServlet'
2023-05-24T07:13:19.562+02:00  INFO 18168 --- [http-nio-auto-1-exec-2] o.s.web.servlet.DispatcherServlet        : Completed initialization in 2 ms
2023-05-24T07:13:19.875+02:00  INFO 18168 --- [http-nio-auto-1-exec-2] c.u.m.controller.ProjectController       : Getting all projects
2023-05-24T07:13:20.208+02:00  INFO 18168 --- [SpringApplicationShutdownHook] com.zaxxer.hikari.HikariDataSource       : HikariPool-1 - Shutdown initiated...
2023-05-24T07:13:20.225+02:00  INFO 18168 --- [SpringApplicationShutdownHook] com.zaxxer.hikari.HikariDataSource       : HikariPool-1 - Shutdown completed.
2023-05-24T07:14:37.945+02:00  INFO 5352 --- [main] c.u.m.controller.ProjectControllerTest   : Starting ProjectControllerTest using Java 20.0.1 with PID 5352 (started by noahb in C:\Users\noahb\Documents\Development\UBS\M295)
2023-05-24T07:14:37.947+02:00 DEBUG 5352 --- [main] c.u.m.controller.ProjectControllerTest   : Running with Spring Boot v3.1.0, Spring v6.0.9
2023-05-24T07:14:37.948+02:00  INFO 5352 --- [main] c.u.m.controller.ProjectControllerTest   : No active profile set, falling back to 1 default profile: "default"
2023-05-24T07:14:40.262+02:00  INFO 5352 --- [main] o.s.b.w.embedded.tomcat.TomcatWebServer  : Tomcat initialized with port(s): 0 (http)
2023-05-24T07:14:40.283+02:00  INFO 5352 --- [main] o.apache.catalina.core.StandardService   : Starting service [Tomcat]
2023-05-24T07:14:40.284+02:00  INFO 5352 --- [main] o.apache.catalina.core.StandardEngine    : Starting Servlet engine: [Apache Tomcat/10.1.8]
2023-05-24T07:14:40.465+02:00  INFO 5352 --- [main] o.a.c.c.C.[Tomcat].[localhost].[/]       : Initializing Spring embedded WebApplicationContext
2023-05-24T07:14:40.465+02:00  INFO 5352 --- [main] w.s.c.ServletWebServerApplicationContext : Root WebApplicationContext: initialization completed in 2479 ms
2023-05-24T07:14:40.823+02:00  INFO 5352 --- [main] com.zaxxer.hikari.HikariDataSource       : HikariPool-1 - Starting...
2023-05-24T07:14:41.606+02:00  INFO 5352 --- [main] com.zaxxer.hikari.pool.HikariPool        : HikariPool-1 - Added connection com.mysql.cj.jdbc.ConnectionImpl@15d114ce
2023-05-24T07:14:41.610+02:00  INFO 5352 --- [main] com.zaxxer.hikari.HikariDataSource       : HikariPool-1 - Start completed.
2023-05-24T07:14:41.828+02:00  WARN 5352 --- [main] o.s.security.core.userdetails.User       : User.withDefaultPasswordEncoder() is considered unsafe for production and is only intended for sample applications.
2023-05-24T07:14:42.941+02:00  INFO 5352 --- [main] o.s.s.web.DefaultSecurityFilterChain     : Will secure any request with [org.springframework.security.web.session.DisableEncodeUrlFilter@18c7f6b5, org.springframework.security.web.context.request.async.WebAsyncManagerIntegrationFilter@629b780f, org.springframework.security.web.context.SecurityContextHolderFilter@305b43ca, org.springframework.security.web.header.HeaderWriterFilter@5d5d3a5c, org.springframework.security.web.csrf.CsrfFilter@59262a90, org.springframework.security.web.authentication.logout.LogoutFilter@a457c2b, org.springframework.security.web.authentication.www.BasicAuthenticationFilter@9be7319, org.springframework.security.web.savedrequest.RequestCacheAwareFilter@25e8e59, org.springframework.security.web.servletapi.SecurityContextHolderAwareRequestFilter@221b77d7, org.springframework.security.web.authentication.AnonymousAuthenticationFilter@3af36922, org.springframework.security.web.access.ExceptionTranslationFilter@22865072, org.springframework.security.web.access.intercept.AuthorizationFilter@76e6c070]
2023-05-24T07:14:43.471+02:00  INFO 5352 --- [main] o.s.b.w.embedded.tomcat.TomcatWebServer  : Tomcat started on port(s): 56222 (http) with context path ''
2023-05-24T07:14:43.493+02:00  INFO 5352 --- [main] c.u.m.controller.ProjectControllerTest   : Started ProjectControllerTest in 6.147 seconds (process running for 8.005)
2023-05-24T07:14:43.496+02:00  INFO 5352 --- [main] c.u.m.M295ProjectApplication             : Application started successfully!
2023-05-24T07:14:45.248+02:00  INFO 5352 --- [http-nio-auto-1-exec-3] o.a.c.c.C.[Tomcat].[localhost].[/]       : Initializing Spring DispatcherServlet 'dispatcherServlet'
2023-05-24T07:14:45.249+02:00  INFO 5352 --- [http-nio-auto-1-exec-3] o.s.web.servlet.DispatcherServlet        : Initializing Servlet 'dispatcherServlet'
2023-05-24T07:14:45.251+02:00  INFO 5352 --- [http-nio-auto-1-exec-3] o.s.web.servlet.DispatcherServlet        : Completed initialization in 1 ms
2023-05-24T07:14:45.322+02:00  INFO 5352 --- [http-nio-auto-1-exec-3] c.u.m.controller.ProjectController       : Getting all projects
2023-05-24T07:14:45.630+02:00  INFO 5352 --- [SpringApplicationShutdownHook] com.zaxxer.hikari.HikariDataSource       : HikariPool-1 - Shutdown initiated...
2023-05-24T07:14:45.647+02:00  INFO 5352 --- [SpringApplicationShutdownHook] com.zaxxer.hikari.HikariDataSource       : HikariPool-1 - Shutdown completed.
